#
# There is insufficient memory for the Java Runtime Environment to continue.
# Native memory allocation (mmap) failed to map 402653184 bytes for G1 virtual space
# Possible reasons:
#   The system is out of physical RAM or swap space
#   The process is running with CompressedOops enabled, and the Java Heap may be blocking the growth of the native heap
# Possible solutions:
#   Reduce memory load on the system
#   Increase physical memory or swap space
#   Check if swap backing store is full
#   Decrease Java heap size (-Xmx/-Xms)
#   Decrease number of Java threads
#   Decrease Java thread stack sizes (-Xss)
#   Set larger code cache with -XX:ReservedCodeCacheSize=
#   JVM is running with Zero Based Compressed Oops mode in which the Java heap is
#     placed in the first 32GB address space. The Java Heap base address is the
#     maximum limit for the native heap growth. Please use -XX:HeapBaseMinAddress
#     to set the Java Heap base and to place the Java Heap above 32GB virtual address.
# This output file may be truncated or incomplete.
#
#  Out of Memory Error (os_windows.cpp:3600), pid=5896, tid=18176
#
# JRE version:  (21.0.3+7) (build )
# Java VM: Java HotSpot(TM) 64-Bit Server VM (21.0.3+7-LTS-152, mixed mode, sharing, tiered, compressed oops, compressed class ptrs, g1 gc, windows-amd64)
# No core dump will be written. Minidumps are not enabled by default on client versions of Windows
#

---------------  S U M M A R Y ------------

Command Line: C:\Users\Admin\AppData\Local\Temp\surefire3133124285903914752\surefirebooter12070103484542171940.jar C:\Users\Admin\AppData\Local\Temp\surefire3133124285903914752 2024-06-06T00-35-32_639-jvmRun1 surefire2115653927799415757tmp surefire_06040838988491018622tmp

Host: Intel(R) Core(TM) i5-10210U CPU @ 1.60GHz, 8 cores, 23G,  Windows 11 , 64 bit Build 26100 (10.0.26100.712)
Time: Thu Jun  6 00:35:36 2024 Eastern Daylight Time elapsed time: 2.067148 seconds (0d 0h 0m 2s)

---------------  T H R E A D  ---------------

Current thread (0x000002068d1d58e0):  JavaThread "Unknown thread" [_thread_in_vm, id=18176, stack(0x00000053a7a00000,0x00000053a7b00000) (1024K)]

Stack: [0x00000053a7a00000,0x00000053a7b00000]
Native frames: (J=compiled Java code, j=interpreted, Vv=VM code, C=native code)
V  [jvm.dll+0x6c63b9]
V  [jvm.dll+0x84fa11]
V  [jvm.dll+0x851f3e]
V  [jvm.dll+0x852613]
V  [jvm.dll+0x27cd46]
V  [jvm.dll+0x6c2b55]
V  [jvm.dll+0x6b76da]
V  [jvm.dll+0x35051a]
V  [jvm.dll+0x358176]
V  [jvm.dll+0x3aa84e]
V  [jvm.dll+0x3aaaf8]
V  [jvm.dll+0x32491c]
V  [jvm.dll+0x32547b]
V  [jvm.dll+0x818f69]
V  [jvm.dll+0x3b7771]
V  [jvm.dll+0x802358]
V  [jvm.dll+0x44c7ce]
V  [jvm.dll+0x44e2a1]
C  [jli.dll+0x52a3]
C  [ucrtbase.dll+0x14ea0]
C  [KERNEL32.DLL+0x31fd7]
C  [ntdll.dll+0xdb66c]


---------------  P R O C E S S  ---------------

Threads class SMR info:
_java_thread_list=0x00007ffc1dbf1b88, length=0, elements={
}

Java Threads: ( => current thread )
Total: 0

Other Threads:
  0x000002068f55bf30 WorkerThread "GC Thread#0"                     [id=11988, stack(0x00000053a7b00000,0x00000053a7c00000) (1024K)]
  0x000002068f569af0 ConcurrentGCThread "G1 Main Marker"            [id=27604, stack(0x00000053a7c00000,0x00000053a7d00000) (1024K)]
  0x000002068f56ad10 WorkerThread "G1 Conc#0"                       [id=5008, stack(0x00000053a7d00000,0x00000053a7e00000) (1024K)]

[error occurred during error reporting (printing all threads), id 0xc0000005, EXCEPTION_ACCESS_VIOLATION (0xc0000005) at pc=0x00007ffc1d367077]
VM state: not at safepoint (not fully initialized)

VM Mutex/Monitor currently owned by a thread:  ([mutex/lock_event])
[0x00007ffc1dc62ea8] Heap_lock - owner thread: 0x000002068d1d58e0

Heap address: 0x0000000683400000, size: 6092 MB, Compressed Oops mode: Zero based, Oop shift amount: 3

CDS archive(s) mapped at: [0x0000000000000000-0x0000000000000000-0x0000000000000000), size 0, SharedBaseAddress: 0x0000000800000000, ArchiveRelocationMode: 1.
Narrow klass base: 0x0000000000000000, Narrow klass shift: 0, Narrow klass range: 0x0

GC Precious Log:
 CardTable entry size: 512
 Card Set container configuration: InlinePtr #cards 4 size 8 Array Of Cards #cards 32 size 80 Howl #buckets 8 coarsen threshold 7372 Howl Bitmap #cards 1024 size 144 coarsen threshold 921 Card regions per heap region 1 cards per card region 8192

Heap:
 garbage-first heap   total 0K, used 0K [0x0000000683400000, 0x0000000800000000)
  region size 4096K, 0 young (0K), 0 survivors (0K)

[error occurred during error reporting (printing heap information), id 0xc0000005, EXCEPTION_ACCESS_VIOLATION (0xc0000005) at pc=0x00007ffc1d74e669]
GC Heap History (0 events):
No events

Dll operation events (1 events):
Event: 0.035 Loaded shared library C:\Program Files\Java\jdk-21\bin\java.dll

Deoptimization events (0 events):
No events

Classes loaded (0 events):
No events

Classes unloaded (0 events):
No events

Classes redefined (0 events):
No events

Internal exceptions (0 events):
No events

ZGC Phase Switch (0 events):
No events

VM Operations (0 events):
No events

Events (0 events):
No events


Dynamic libraries:
0x00007ff606ba0000 - 0x00007ff606bb0000 	C:\Program Files\Java\jdk-21\bin\java.exe
0x00007ffc3bd40000 - 0x00007ffc3bfa2000 	C:\WINDOWS\SYSTEM32\ntdll.dll
0x00007ffc3a8e0000 - 0x00007ffc3a9a6000 	C:\WINDOWS\System32\KERNEL32.DLL
0x00007ffc392e0000 - 0x00007ffc3967f000 	C:\WINDOWS\System32\KERNELBASE.dll
0x00007ffc39880000 - 0x00007ffc399cc000 	C:\WINDOWS\System32\ucrtbase.dll
0x00007ffc20d60000 - 0x00007ffc20d79000 	C:\Program Files\Java\jdk-21\bin\jli.dll
0x00007ffc3bbc0000 - 0x00007ffc3bc72000 	C:\WINDOWS\System32\ADVAPI32.dll
0x00007ffc20cd0000 - 0x00007ffc20ceb000 	C:\Program Files\Java\jdk-21\bin\VCRUNTIME140.dll
0x00007ffc3b5a0000 - 0x00007ffc3b649000 	C:\WINDOWS\System32\msvcrt.dll
0x00007ffc3aea0000 - 0x00007ffc3af46000 	C:\WINDOWS\System32\sechost.dll
0x00007ffc3ba90000 - 0x00007ffc3bba6000 	C:\WINDOWS\System32\RPCRT4.dll
0x00007ffc3a6a0000 - 0x00007ffc3a85f000 	C:\WINDOWS\System32\USER32.dll
0x00007ffc392b0000 - 0x00007ffc392d7000 	C:\WINDOWS\System32\win32u.dll
0x00007ffc3b7c0000 - 0x00007ffc3b7ea000 	C:\WINDOWS\System32\GDI32.dll
0x00007ffc1e140000 - 0x00007ffc1e3d0000 	C:\WINDOWS\WinSxS\amd64_microsoft.windows.common-controls_6595b64144ccf1df_6.0.26100.712_none_4446894f1c2e6cc3\COMCTL32.dll
0x00007ffc39750000 - 0x00007ffc39871000 	C:\WINDOWS\System32\gdi32full.dll
0x00007ffc39b50000 - 0x00007ffc39bf3000 	C:\WINDOWS\System32\msvcp_win.dll
0x00007ffc26050000 - 0x00007ffc2605b000 	C:\WINDOWS\SYSTEM32\VERSION.dll
0x00007ffc3a9b0000 - 0x00007ffc3a9df000 	C:\WINDOWS\System32\IMM32.DLL
0x00007ffc30700000 - 0x00007ffc3070c000 	C:\Program Files\Java\jdk-21\bin\vcruntime140_1.dll
0x00007ffc1f5f0000 - 0x00007ffc1f67e000 	C:\Program Files\Java\jdk-21\bin\msvcp140.dll
0x00007ffc1d030000 - 0x00007ffc1dd3d000 	C:\Program Files\Java\jdk-21\bin\server\jvm.dll
0x00007ffc3ad00000 - 0x00007ffc3ad74000 	C:\WINDOWS\System32\WS2_32.dll
0x00007ffc36d20000 - 0x00007ffc36d56000 	C:\WINDOWS\SYSTEM32\WINMM.dll
0x00007ffc39030000 - 0x00007ffc3907e000 	C:\WINDOWS\SYSTEM32\POWRPROF.dll
0x00007ffc38f60000 - 0x00007ffc38f74000 	C:\WINDOWS\SYSTEM32\UMPDC.dll
0x00007ffc38030000 - 0x00007ffc3804a000 	C:\WINDOWS\SYSTEM32\kernel.appcore.dll
0x00007ffc29630000 - 0x00007ffc2963a000 	C:\Program Files\Java\jdk-21\bin\jimage.dll
0x00007ffc36ad0000 - 0x00007ffc36d11000 	C:\WINDOWS\SYSTEM32\DBGHELP.DLL
0x00007ffc3a320000 - 0x00007ffc3a695000 	C:\WINDOWS\System32\combase.dll
0x00007ffc3a9f0000 - 0x00007ffc3aac6000 	C:\WINDOWS\System32\OLEAUT32.dll
0x00007ffc36a90000 - 0x00007ffc36ac9000 	C:\WINDOWS\SYSTEM32\dbgcore.DLL
0x00007ffc39190000 - 0x00007ffc39229000 	C:\WINDOWS\System32\bcryptPrimitives.dll
0x00007ffc20c70000 - 0x00007ffc20c8f000 	C:\Program Files\Java\jdk-21\bin\java.dll

dbghelp: loaded successfully - version: 4.0.5 - missing functions: none
symbol engine: initialized successfully - sym options: 0x614 - pdb path: .;C:\Program Files\Java\jdk-21\bin;C:\WINDOWS\SYSTEM32;C:\WINDOWS\WinSxS\amd64_microsoft.windows.common-controls_6595b64144ccf1df_6.0.26100.712_none_4446894f1c2e6cc3;C:\Program Files\Java\jdk-21\bin\server

VM Arguments:
java_command: C:\Users\Admin\AppData\Local\Temp\surefire3133124285903914752\surefirebooter12070103484542171940.jar C:\Users\Admin\AppData\Local\Temp\surefire3133124285903914752 2024-06-06T00-35-32_639-jvmRun1 surefire2115653927799415757tmp surefire_06040838988491018622tmp
java_class_path (initial): C:\Users\Admin\AppData\Local\Temp\surefire3133124285903914752\surefirebooter12070103484542171940.jar
Launcher Type: SUN_STANDARD

[Global flags]
     intx CICompilerCount                          = 4                                         {product} {ergonomic}
     uint ConcGCThreads                            = 2                                         {product} {ergonomic}
     uint G1ConcRefinementThreads                  = 8                                         {product} {ergonomic}
   size_t G1HeapRegionSize                         = 4194304                                   {product} {ergonomic}
    uintx GCDrainStackTargetSize                   = 64                                        {product} {ergonomic}
   size_t InitialHeapSize                          = 402653184                                 {product} {ergonomic}
   size_t MarkStackSize                            = 4194304                                   {product} {ergonomic}
   size_t MaxHeapSize                              = 6387924992                                {product} {ergonomic}
   size_t MinHeapDeltaBytes                        = 4194304                                   {product} {ergonomic}
   size_t MinHeapSize                              = 8388608                                   {product} {ergonomic}
    uintx NonNMethodCodeHeapSize                   = 5839372                                {pd product} {ergonomic}
    uintx NonProfiledCodeHeapSize                  = 122909434                              {pd product} {ergonomic}
    uintx ProfiledCodeHeapSize                     = 122909434                              {pd product} {ergonomic}
    uintx ReservedCodeCacheSize                    = 251658240                              {pd product} {ergonomic}
     bool SegmentedCodeCache                       = true                                      {product} {ergonomic}
   size_t SoftMaxHeapSize                          = 6387924992                             {manageable} {ergonomic}
     bool UseCompressedOops                        = true                           {product lp64_product} {ergonomic}
     bool UseG1GC                                  = true                                      {product} {ergonomic}
     bool UseLargePagesIndividualAllocation        = false                                  {pd product} {ergonomic}

Logging:
Log output configuration:
 #0: stdout all=warning uptime,level,tags foldmultilines=false
 #1: stderr all=off uptime,level,tags foldmultilines=false

Environment Variables:
JAVA_HOME=C:\Program Files\Java\jdk-21
PATH=C:\Program Files\Common Files\Oracle\Java\javapath;C:\Python310\Scripts\;C:\Python310\;C:\WINDOWS\system32;C:\WINDOWS;C:\WINDOWS\System32\Wbem;C:\WINDOWS\System32\WindowsPowerShell\v1.0\;C:\WINDOWS\System32\OpenSSH\;C:\Program Files\PuTTY\;C:\Program Files\dotnet\;C:\xampp\php;C:\composer;C:\Users\Admin\AppData\Local\Programs\Python\Python39;C:\Users\Admin\AppData\Local\Programs\Python\Python39\Scripts;C:\Program Files\Git\cmd;C:\Program Files\Git\bin;C:\ProgramData\chocolatey\bin;C:\Users\Admin\AppData\Roaming\nvm;C:\Program Files\nodejs;C:\xampp\pgsql\13\bin;C:\Program Files\Microsoft SQL Server\150\Tools\Binn\;C:\Program Files\Microsoft SQL Server\Client SDK\ODBC\170\Tools\Binn\;C:\Program Files\Java\jdk-21\bin;;C:\Program Files\Docker\Docker\resources\bin;C:\Users\Admin\AppData\Local\Microsoft\WindowsApps;C:\Users\Admin\AppData\Roaming\Composer\vendor\bin;C:\Users\Admin\AppData\Local\Programs\Microsoft VS Code\bin;C:\Users\Admin\AppData\Roaming\nvm;C:\Program Files\nodejs;C:\Users\Admin\.dotnet\tools;;C:\Program Files\JetBrains\IntelliJ IDEA Community Edition 2024.1.1\bin;;C:\Program Files\JetBrains\IntelliJ IDEA 2024.1.1\bin;
USERNAME=Admin
OS=Windows_NT
PROCESSOR_IDENTIFIER=Intel64 Family 6 Model 142 Stepping 12, GenuineIntel
TMP=C:\Users\Admin\AppData\Local\Temp
TEMP=C:\Users\Admin\AppData\Local\Temp




Periodic native trim disabled

---------------  S Y S T E M  ---------------

OS:
 Windows 11 , 64 bit Build 26100 (10.0.26100.712)
OS uptime: 0 days 5:35 hours
Hyper-V role detected

CPU: total 8 (initial active 8) (4 cores per cpu, 2 threads per core) family 6 model 142 stepping 12 microcode 0xf8, cx8, cmov, fxsr, ht, mmx, 3dnowpref, sse, sse2, sse3, ssse3, sse4.1, sse4.2, popcnt, lzcnt, tsc, tscinvbit, avx, avx2, aes, erms, clmul, bmi1, bmi2, adx, fma, vzeroupper, clflush, clflushopt, hv, rdtscp, f16c
Processor Information for all 8 processors :
  Max Mhz: 2112, Current Mhz: 1609, Mhz Limit: 1605

Memory: 4k page, system-wide physical 24359M (1484M free)
TotalPageFile size 30191M (AvailPageFile size 309M)
current process WorkingSet (physical memory assigned to process): 12M, peak: 12M
current process commit charge ("private bytes"): 60M, peak: 444M

vm_info: Java HotSpot(TM) 64-Bit Server VM (21.0.3+7-LTS-152) for windows-amd64 JRE (21.0.3+7-LTS-152), built on 2024-03-11T17:42:26Z by "mach5one" with MS VC++ 17.6 (VS2022)

END.
